<?xml version="1.0" encoding="UTF-8"?>
<testsuite xmlns:xsi="http://www.w3.org/2001/XMLSchema-instance" xsi:noNamespaceSchemaLocation="https://maven.apache.org/surefire/maven-surefire-plugin/xsd/surefire-test-report-3.0.xsd" version="3.0" name="com.nexo.ecommerce.auth.integration.AuthControllerIntegrationTest" time="8.911" tests="1" errors="0" skipped="0" failures="0">
  <properties>
[...]
</properties>
  <testcase name="shouldRegisterAndLoginUser" classname="com.nexo.ecommerce.auth.integration.AuthControllerIntegrationTest" time="0.866">
    <system-out><![CDATA[16:02:16.516 [main] INFO org.testcontainers.images.PullPolicy -- Image pull policy will be performed by: DefaultPullPolicy()
16:02:16.520 [main] INFO org.testcontainers.utility.ImageNameSubstitutor -- Image name substitution will be performed by: DefaultImageNameSubstitutor (composite of 'ConfigurationFileImageNameSubstitutor' and 'PrefixingImageNameSubstitutor')
16:02:16.554 [main] INFO org.testcontainers.DockerClientFactory -- Testcontainers version: 1.20.1
16:02:16.723 [main] INFO org.testcontainers.dockerclient.DockerClientProviderStrategy -- Loaded org.testcontainers.dockerclient.NpipeSocketClientProviderStrategy from ~/.testcontainers.properties, will try it first
16:02:16.936 [main] INFO org.testcontainers.dockerclient.DockerClientProviderStrategy -- Found Docker environment with local Npipe socket (npipe:////./pipe/docker_engine)
16:02:16.937 [main] INFO org.testcontainers.DockerClientFactory -- Docker host IP address is localhost
16:02:16.959 [main] INFO org.testcontainers.DockerClientFactory -- Connected to docker: 
  Server Version: 29.5.3
  API Version: 1.54
  Operating System: Docker Desktop
  Total Memory: 5856 MB
16:02:17.054 [main] INFO tc.testcontainers/ryuk:0.8.1 -- Creating container for image: testcontainers/ryuk:0.8.1
16:02:17.189 [main] INFO org.testcontainers.utility.RegistryAuthLocator -- Credential helper/store (docker-credential-desktop) does not have credentials for https://index.docker.io/v1/
16:02:17.320 [main] INFO tc.testcontainers/ryuk:0.8.1 -- Container testcontainers/ryuk:0.8.1 is starting: 4f85787bb25f7e0b4483274c213a15f0155d5e215907a93c54c1fd6472434e3b
16:02:17.682 [main] INFO tc.testcontainers/ryuk:0.8.1 -- Container testcontainers/ryuk:0.8.1 started in PT0.6275632S
16:02:17.691 [main] INFO org.testcontainers.utility.RyukResourceReaper -- Ryuk started - will monitor and terminate Testcontainers containers on JVM exit
16:02:17.691 [main] INFO org.testcontainers.DockerClientFactory -- Checking the system...
16:02:17.692 [main] INFO org.testcontainers.DockerClientFactory -- ✔︎ Docker server version should be at least 1.6.0
16:02:17.692 [main] INFO tc.postgres:16-alpine -- Creating container for image: postgres:16-alpine
16:02:17.786 [main] INFO tc.postgres:16-alpine -- Container postgres:16-alpine is starting: e279b51c1f29d7f79325a02895ddf4b9a5597a3b62e9515873dd34a19696f8a7
16:02:19.803 [main] INFO tc.postgres:16-alpine -- Container postgres:16-alpine started in PT2.1108391S
16:02:19.803 [main] INFO tc.postgres:16-alpine -- Container is started (JDBC URL: jdbc:postgresql://localhost:61459/auth_test?loggerLevel=OFF)

  .   ____          _            __ _ _
 /\\ / ___'_ __ _ _(_)_ __  __ _ \ \ \ \
( ( )\___ | '_ | '_| | '_ \/ _` | \ \ \ \
 \\/  ___)| |_)| | | | | || (_| |  ) ) ) )
  '  |____| .__|_| |_|_| |_\__, | / / / /
 =========|_|==============|___/=/_/_/_/

 :: Spring Boot ::                (v3.3.3)

2026-09-18T16:02:20.100-05:00  INFO 17648 --- [auth-service] [           main] c.n.e.a.i.AuthControllerIntegrationTest  : Starting AuthControllerIntegrationTest using Java 25.0.3 with PID 17648 (started by PC HOME 3RO in D:\CICLO 2026\SEXTO CICLO 2026\DESARROLLO DE APLICACIONES WEB 2\PROYECTO GRUPAL AVANCE 18-09-2026\nexo-ecommerce-main\services\auth-service)
2026-09-18T16:02:20.101-05:00 DEBUG 17648 --- [auth-service] [           main] c.n.e.a.i.AuthControllerIntegrationTest  : Running with Spring Boot v3.3.3, Spring v6.1.12
2026-09-18T16:02:20.102-05:00  INFO 17648 --- [auth-service] [           main] c.n.e.a.i.AuthControllerIntegrationTest  : No active profile set, falling back to 1 default profile: "default"
2026-09-18T16:02:20.841-05:00  INFO 17648 --- [auth-service] [           main] .s.d.r.c.RepositoryConfigurationDelegate : Bootstrapping Spring Data JPA repositories in DEFAULT mode.
2026-09-18T16:02:20.886-05:00  INFO 17648 --- [auth-service] [           main] .s.d.r.c.RepositoryConfigurationDelegate : Finished Spring Data repository scanning in 38 ms. Found 1 JPA repository interface.
2026-09-18T16:02:21.407-05:00  INFO 17648 --- [auth-service] [           main] o.s.b.w.embedded.tomcat.TomcatWebServer  : Tomcat initialized with port 0 (http)
2026-09-18T16:02:21.419-05:00  INFO 17648 --- [auth-service] [           main] o.apache.catalina.core.StandardService   : Starting service [Tomcat]
2026-09-18T16:02:21.420-05:00  INFO 17648 --- [auth-service] [           main] o.apache.catalina.core.StandardEngine    : Starting Servlet engine: [Apache Tomcat/10.1.28]
2026-09-18T16:02:21.482-05:00  INFO 17648 --- [auth-service] [           main] o.a.c.c.C.[Tomcat].[localhost].[/]       : Initializing Spring embedded WebApplicationContext
2026-09-18T16:02:21.483-05:00  INFO 17648 --- [auth-service] [           main] w.s.c.ServletWebServerApplicationContext : Root WebApplicationContext: initialization completed in 1371 ms
2026-09-18T16:02:21.622-05:00  INFO 17648 --- [auth-service] [           main] o.hibernate.jpa.internal.util.LogHelper  : HHH000204: Processing PersistenceUnitInfo [name: default]
2026-09-18T16:02:21.675-05:00  INFO 17648 --- [auth-service] [           main] org.hibernate.Version                    : HHH000412: Hibernate ORM core version 6.5.2.Final
2026-09-18T16:02:21.726-05:00  INFO 17648 --- [auth-service] [           main] o.h.c.internal.RegionFactoryInitiator    : HHH000026: Second-level cache disabled
2026-09-18T16:02:21.967-05:00  INFO 17648 --- [auth-service] [           main] o.s.o.j.p.SpringPersistenceUnitInfo      : No LoadTimeWeaver setup: ignoring JPA class transformer
2026-09-18T16:02:21.991-05:00  INFO 17648 --- [auth-service] [           main] com.zaxxer.hikari.HikariDataSource       : HikariPool-1 - Starting...
2026-09-18T16:02:22.133-05:00  INFO 17648 --- [auth-service] [           main] com.zaxxer.hikari.pool.HikariPool        : HikariPool-1 - Added connection org.postgresql.jdbc.PgConnection@3d5f08d4
2026-09-18T16:02:22.135-05:00  INFO 17648 --- [auth-service] [           main] com.zaxxer.hikari.HikariDataSource       : HikariPool-1 - Start completed.
2026-09-18T16:02:22.165-05:00  WARN 17648 --- [auth-service] [           main] org.hibernate.orm.deprecation            : HHH90000025: PostgreSQLDialect does not need to be specified explicitly using 'hibernate.dialect' (remove the property setting and it will be selected by default)
2026-09-18T16:02:22.916-05:00  INFO 17648 --- [auth-service] [           main] o.h.e.t.j.p.i.JtaPlatformInitiator       : HHH000489: No JTA platform available (set 'hibernate.transaction.jta.platform' to enable JTA platform integration)
2026-09-18T16:02:22.976-05:00  WARN 17648 --- [auth-service] [           main] o.h.engine.jdbc.spi.SqlExceptionHelper   : SQL Warning Code: 0, SQLState: 00000
2026-09-18T16:02:22.977-05:00  WARN 17648 --- [auth-service] [           main] o.h.engine.jdbc.spi.SqlExceptionHelper   : constraint "uk6dotkott2kjsp8vw4d0m25fb7" of relation "users" does not exist, skipping
2026-09-18T16:02:22.981-05:00  INFO 17648 --- [auth-service] [           main] j.LocalContainerEntityManagerFactoryBean : Initialized JPA EntityManagerFactory for persistence unit 'default'
2026-09-18T16:02:23.239-05:00 DEBUG 17648 --- [auth-service] [           main] c.n.e.a.i.s.JwtAuthenticationFilter      : Filter 'jwtAuthenticationFilter' configured for use
2026-09-18T16:02:23.286-05:00  INFO 17648 --- [auth-service] [           main] eAuthenticationProviderManagerConfigurer : Global AuthenticationManager configured with AuthenticationProvider bean with name authenticationProvider
2026-09-18T16:02:23.286-05:00  WARN 17648 --- [auth-service] [           main] r$InitializeUserDetailsManagerConfigurer : Global AuthenticationManager configured with an AuthenticationProvider bean. UserDetailsService beans will not be used for username/password login. Consider removing the AuthenticationProvider bean. Alternatively, consider using the UserDetailsService in a manually instantiated DaoAuthenticationProvider.
2026-09-18T16:02:23.327-05:00  WARN 17648 --- [auth-service] [           main] JpaBaseConfiguration$JpaWebConfiguration : spring.jpa.open-in-view is enabled by default. Therefore, database queries may be performed during view rendering. Explicitly configure spring.jpa.open-in-view to disable this warning
2026-09-18T16:02:23.754-05:00 DEBUG 17648 --- [auth-service] [           main] c.n.e.a.i.s.JwtAuthenticationFilter      : Filter 'jwtAuthenticationFilter' configured for use
2026-09-18T16:02:23.755-05:00  INFO 17648 --- [auth-service] [           main] o.a.c.c.C.[Tomcat].[localhost].[/]       : Initializing Spring TestDispatcherServlet ''
2026-09-18T16:02:23.756-05:00  INFO 17648 --- [auth-service] [           main] o.s.t.web.servlet.TestDispatcherServlet  : Initializing Servlet ''
2026-09-18T16:02:23.757-05:00  INFO 17648 --- [auth-service] [           main] o.s.t.web.servlet.TestDispatcherServlet  : Completed initialization in 1 ms
2026-09-18T16:02:23.795-05:00  INFO 17648 --- [auth-service] [           main] o.s.b.w.embedded.tomcat.TomcatWebServer  : Tomcat started on port 61474 (http) with context path '/'
2026-09-18T16:02:23.801-05:00  INFO 17648 --- [auth-service] [           main] c.n.e.a.i.AuthControllerIntegrationTest  : Started AuthControllerIntegrationTest in 3.953 seconds (process running for 8.031)
]]></system-out>
    <system-err><![CDATA[WARNING: A Java agent has been loaded dynamically (C:\Users\PC HOME 3RO\.m2\repository\net\bytebuddy\byte-buddy-agent\1.14.19\byte-buddy-agent-1.14.19.jar)
WARNING: If a serviceability tool is in use, please run with -XX:+EnableDynamicAgentLoading to hide this warning
WARNING: If a serviceability tool is not in use, please run with -Djdk.instrument.traceUsage for more information
WARNING: Dynamic loading of agents will be disallowed by default in a future release
]]></system-err>
  </testcase>
</testsuite>